Arguments: 
  /Users/jotham/.nvm/versions/node/v20.9.0/bin/node /opt/homebrew/bin/yarn init

PATH: 
  /Users/jotham/.sdkman/candidates/kotlin/current/bin:/Users/jotham/anaconda3/bin:/Users/jotham/anaconda3/condabin:/Users/jotham/.pyenv/shims:/Users/jotham/.nvm/versions/node/v20.9.0/bin:/Users/jotham/pgsql/bin:/Applications/Development/PyCharm.app/Contents/MacOS:/Applications/Development/GoLand.app/Contents/MacOS:/Applications/WebStorm.app/Contents/MacOS:/usr/local/anaconda3/bin:/Users/jotham/.local/bin:/opt/homebrew/opt/openjdk/bin:/Users/jotham/.asdf/shims:/Users/jotham/.asdf/bin:/opt/local/bin:/opt/local/sbin:/opt/homebrew/bin:/opt/homebrew/sbin:/usr/local/bin:/usr/bin:/bin:/usr/sbin:/sbin:/opt/local/bin:/Library/TeX/texbin:/usr/local/go/bin:/usr/local/share/dotnet:/opt/X11/bin:~/.dotnet/tools:/Library/Apple/usr/bin:/Applications/Postgres.app/Contents/Versions/latest/bin:/Users/jotham/.cargo/bin:/Users/jotham/School/cs4215/ooga-lang/node_modules/.bin:/Users/jotham/Library/Application Support/Coursier/bin:/Users/jotham/go/bin:~/platform-tools:/Users/jotham/.pub-cache/bin

Yarn version: 
  1.22.19

Node version: 
  20.9.0

Platform: 
  darwin arm64

Trace: 
  Error: canceled
      at Interface.<anonymous> (/opt/homebrew/lib/node_modules/yarn/lib/cli.js:137150:13)
      at Interface.emit (node:events:514:28)
      at [_ttyWrite] [as _ttyWrite] (node:internal/readline/interface:1125:18)
      at ReadStream.onkeypress (node:internal/readline/interface:264:20)
      at ReadStream.emit (node:events:514:28)
      at emitKeys (node:internal/readline/utils:371:14)
      at emitKeys.next (<anonymous>)
      at ReadStream.onData (node:internal/readline/emitKeypressEvents:64:36)
      at ReadStream.emit (node:events:514:28)
      at addChunk (node:internal/streams/readable:376:12)

npm manifest: 
  No manifest

yarn manifest: 
  No manifest

Lockfile: 
  No lockfile
